============================================================
   Tang Dynasty, V4.6.14756
   Copyright:   Shanghai Anlogic Infotech Co., Ltd.
                2011 - 2021
   Executable = D:/Anlogic/TD4.6.3/bin/td.exe
   Built at =   17:01:29 Oct 21 2019
   Run by =     QYJ10
   Run Date =   Sun Apr 19 18:23:56 2020

   Run on =     DESKTOP-ULUCJ37
============================================================
RUN-1002 : start command "open_project servoSG90.al"
HDL-1007 : analyze verilog file servo.v
HDL-1007 : analyze verilog file servoCtrl.v
RUN-1002 : start command "import_device eagle_s20.db -package BG256"
ARC-1001 : Device Initialization.
ARC-1001 : ------------------------------------------------------------------
ARC-1001 :            OPTION            |          IO          |   SETTING   
ARC-1001 : ------------------------------------------------------------------
ARC-1001 :   cso_b/cclk/mosi/miso/dout  |  T3/R11/T10/P10/S11  |    gpio    
ARC-1001 :             done             |         P13          |    gpio    
ARC-1001 :           program_b          |          T2          |  dedicated  
ARC-1001 :        tdi/tms/tck/tdo       |   C12/A15/C14/E14    |  dedicated  
ARC-1001 : ------------------------------------------------------------------
ARC-1004 : Device setting, marked 5 dedicate IOs in total.
RUN-1002 : start command "import_db servoSG90_pr.db"
RUN-1001 : Importing database generated by Tang Dynasty, V4.6.14756.
RUN-1001 : Database version number 46116.
RUN-1001 : Import IO constraints
RUN-1001 : Import Inst constraints
RUN-1001 : Import flow parameters
RUN-1002 : start command "download -bit servoSG90.bit -mode jtag -spd 6 -sec 64 -cable 0"
PRG-2014 : Chip validation success: EAGLE_S20_BG256
RUN-1002 : start command "bit_to_vec -chip EAGLE_S20_BG256 -m jtag -bit servoSG90.bit"
PRG-3000 : BIT2VEC::JtagBitstream: completed! line_num = 1354, frame_num = 1259
RUN-1003 : finish command "bit_to_vec -chip EAGLE_S20_BG256 -m jtag -bit servoSG90.bit" in  1.807642s wall, 1.718750s user + 0.062500s system = 1.781250s CPU (98.5%)

RUN-1004 : used memory is 255 MB, reserved memory is 229 MB, peak memory is 257 MB
RUN-1002 : start command "program -cable 0 -spd 6 -p"
RUN-1003 : finish command "program -cable 0 -spd 6 -p" in  6.726260s wall, 0.171875s user + 0.015625s system = 0.187500s CPU (2.8%)

RUN-1004 : used memory is 280 MB, reserved memory is 255 MB, peak memory is 280 MB
RUN-1003 : finish command "download -bit servoSG90.bit -mode jtag -spd 6 -sec 64 -cable 0" in  9.206591s wall, 2.062500s user + 0.093750s system = 2.156250s CPU (23.4%)

RUN-1004 : used memory is 136 MB, reserved memory is 107 MB, peak memory is 280 MB
GUI-1001 : Download success!
